0 info it worked if it ends with ok
1 verbose cli [ '/home/erik/.nvm/versions/node/v6.9.1/bin/node',
1 verbose cli   '/home/erik/.nvm/versions/node/v6.9.1/bin/npm',
1 verbose cli   'run',
1 verbose cli   'test' ]
2 info using npm@3.10.8
3 info using node@v6.9.1
4 verbose run-script [ 'pretest', 'test', 'posttest' ]
5 info lifecycle jsfperf@1.0.0~pretest: jsfperf@1.0.0
6 silly lifecycle jsfperf@1.0.0~pretest: no script for pretest, continuing
7 info lifecycle jsfperf@1.0.0~test: jsfperf@1.0.0
8 verbose lifecycle jsfperf@1.0.0~test: unsafe-perm in lifecycle true
9 verbose lifecycle jsfperf@1.0.0~test: PATH: /home/erik/.nvm/versions/node/v6.9.1/lib/node_modules/npm/bin/node-gyp-bin:/home/erik/source/jsFPerf/node_modules/.bin:/home/erik/.nvm/versions/node/v6.9.1/bin:/home/erik/.jenv/bin:/home/erik/bin:/home/erik/.local/bin:/home/erik/.npm/bin:/home/erik/bin:/home/erik/.local/bin:/usr/local/sbin:/usr/local/bin:/usr/sbin:/usr/bin:/sbin:/bin:/usr/games:/usr/local/games:/snap/bin
10 verbose lifecycle jsfperf@1.0.0~test: CWD: /home/erik/source/jsFPerf
11 silly lifecycle jsfperf@1.0.0~test: Args: [ '-c', './bin/jsfperf -m' ]
12 silly lifecycle jsfperf@1.0.0~test: Returned: code: 1  signal: null
13 info lifecycle jsfperf@1.0.0~test: Failed to exec test script
14 verbose stack Error: jsfperf@1.0.0 test: `./bin/jsfperf -m`
14 verbose stack Exit status 1
14 verbose stack     at EventEmitter.<anonymous> (/home/erik/.nvm/versions/node/v6.9.1/lib/node_modules/npm/lib/utils/lifecycle.js:255:16)
14 verbose stack     at emitTwo (events.js:106:13)
14 verbose stack     at EventEmitter.emit (events.js:191:7)
14 verbose stack     at ChildProcess.<anonymous> (/home/erik/.nvm/versions/node/v6.9.1/lib/node_modules/npm/lib/utils/spawn.js:40:14)
14 verbose stack     at emitTwo (events.js:106:13)
14 verbose stack     at ChildProcess.emit (events.js:191:7)
14 verbose stack     at maybeClose (internal/child_process.js:877:16)
14 verbose stack     at Process.ChildProcess._handle.onexit (internal/child_process.js:226:5)
15 verbose pkgid jsfperf@1.0.0
16 verbose cwd /home/erik/source/jsFPerf
17 error Linux 4.8.0-41-generic
18 error argv "/home/erik/.nvm/versions/node/v6.9.1/bin/node" "/home/erik/.nvm/versions/node/v6.9.1/bin/npm" "run" "test"
19 error node v6.9.1
20 error npm  v3.10.8
21 error code ELIFECYCLE
22 error jsfperf@1.0.0 test: `./bin/jsfperf -m`
22 error Exit status 1
23 error Failed at the jsfperf@1.0.0 test script './bin/jsfperf -m'.
23 error Make sure you have the latest version of node.js and npm installed.
23 error If you do, this is most likely a problem with the jsfperf package,
23 error not with npm itself.
23 error Tell the author that this fails on your system:
23 error     ./bin/jsfperf -m
23 error You can get information on how to open an issue for this project with:
23 error     npm bugs jsfperf
23 error Or if that isn't available, you can get their info via:
23 error     npm owner ls jsfperf
23 error There is likely additional logging output above.
24 verbose exit [ 1, true ]
